<?xml version="1.0" encoding="UTF-8"?>
<!-- Generated by org.testng.reporters.JUnitXMLReporter -->
<testsuite hostname="E0195020" name="Test" tests="1" failures="1" timestamp="2 Sep 2018 13:20:50 GMT" time="0.043" errors="0">
  <testcase name="CheckFAQ" time="0.015" classname="com.tcs.Smarthome.Testcases.VApp_FAQ">
    <failure type="java.lang.NullPointerException">
      <![CDATA[java.lang.NullPointerException
	at com.tcs.Smarthome.Testcases.VApp_FAQ.CheckFAQ(VApp_FAQ.java:13)
... Removed 29 stack frames]]>
    </failure>
  </testcase> <!-- CheckFAQ -->
</testsuite> <!-- Test -->
