<?xml version="1.0" encoding="UTF-8"?>
<testsuite xmlns:xsi="http://www.w3.org/2001/XMLSchema-instance" xsi:noNamespaceSchemaLocation="https://maven.apache.org/surefire/maven-surefire-plugin/xsd/surefire-test-report.xsd" name="TestSuite" time="0.582" tests="1" errors="0" skipped="0" failures="1">
  <properties>
[...]
</properties>
  <testcase name="CheckFAQ" classname="com.tcs.Smarthome.Testcases.VApp_FAQ" time="0.022">
    <failure type="java.lang.NullPointerException">java.lang.NullPointerException
	at com.tcs.Smarthome.Testcases.VApp_FAQ.CheckFAQ(VApp_FAQ.java:13)
</failure>
    <system-out><![CDATA[adb:HTC U11
]]></system-out>
  </testcase>
</testsuite>